  billing_file.cpp
  billing_service.cpp
  card_file.cpp
  card_service.cpp
  main.cpp
  menu.cpp
D:\Repository\mine\whut-billing-management-system\bms\menu.cpp(61,20): warning C4474: 'scanf' : too many arguments passed for format string
D:\Repository\mine\whut-billing-management-system\bms\menu.cpp(61,20): message : placeholders and their parameters expect 1 variadic arguments, but 2 were provided
D:\Repository\mine\whut-billing-management-system\bms\menu.cpp(78,19): warning C4474: 'scanf' : too many arguments passed for format string
D:\Repository\mine\whut-billing-management-system\bms\menu.cpp(78,19): message : placeholders and their parameters expect 1 variadic arguments, but 2 were provided
D:\Repository\mine\whut-billing-management-system\bms\menu.cpp(154,20): warning C4474: 'scanf' : too many arguments passed for format string
D:\Repository\mine\whut-billing-management-system\bms\menu.cpp(154,20): message : placeholders and their parameters expect 1 variadic arguments, but 2 were provided
D:\Repository\mine\whut-billing-management-system\bms\menu.cpp(248,21): warning C4474: 'scanf' : too many arguments passed for format string
D:\Repository\mine\whut-billing-management-system\bms\menu.cpp(248,21): message : placeholders and their parameters expect 1 variadic arguments, but 2 were provided
D:\Repository\mine\whut-billing-management-system\bms\menu.cpp(257,20): warning C4474: 'scanf' : too many arguments passed for format string
D:\Repository\mine\whut-billing-management-system\bms\menu.cpp(257,20): message : placeholders and their parameters expect 1 variadic arguments, but 2 were provided
D:\Repository\mine\whut-billing-management-system\bms\menu.cpp(322,21): warning C4474: 'scanf' : too many arguments passed for format string
D:\Repository\mine\whut-billing-management-system\bms\menu.cpp(322,21): message : placeholders and their parameters expect 1 variadic arguments, but 2 were provided
D:\Repository\mine\whut-billing-management-system\bms\menu.cpp(331,20): warning C4474: 'scanf' : too many arguments passed for format string
D:\Repository\mine\whut-billing-management-system\bms\menu.cpp(331,20): message : placeholders and their parameters expect 1 variadic arguments, but 2 were provided
D:\Repository\mine\whut-billing-management-system\bms\menu.cpp(399,21): warning C4474: 'scanf' : too many arguments passed for format string
D:\Repository\mine\whut-billing-management-system\bms\menu.cpp(399,21): message : placeholders and their parameters expect 1 variadic arguments, but 2 were provided
D:\Repository\mine\whut-billing-management-system\bms\menu.cpp(408,20): warning C4474: 'scanf' : too many arguments passed for format string
D:\Repository\mine\whut-billing-management-system\bms\menu.cpp(408,20): message : placeholders and their parameters expect 1 variadic arguments, but 2 were provided
D:\Repository\mine\whut-billing-management-system\bms\menu.cpp(452,21): warning C4474: 'scanf' : too many arguments passed for format string
D:\Repository\mine\whut-billing-management-system\bms\menu.cpp(452,21): message : placeholders and their parameters expect 1 variadic arguments, but 2 were provided
D:\Repository\mine\whut-billing-management-system\bms\menu.cpp(461,20): warning C4474: 'scanf' : too many arguments passed for format string
D:\Repository\mine\whut-billing-management-system\bms\menu.cpp(461,20): message : placeholders and their parameters expect 1 variadic arguments, but 2 were provided
D:\Repository\mine\whut-billing-management-system\bms\menu.cpp(515,26): warning C4474: 'scanf' : too many arguments passed for format string
D:\Repository\mine\whut-billing-management-system\bms\menu.cpp(515,26): message : placeholders and their parameters expect 1 variadic arguments, but 2 were provided
D:\Repository\mine\whut-billing-management-system\bms\menu.cpp(517,25): warning C4474: 'scanf' : too many arguments passed for format string
D:\Repository\mine\whut-billing-management-system\bms\menu.cpp(517,25): message : placeholders and their parameters expect 1 variadic arguments, but 2 were provided
  money_file.cpp
  service.cpp
  tool.cpp
  Generating Code...
  bms.vcxproj -> D:\Repository\mine\whut-billing-management-system\x64\Debug\bms.exe
